{"C:\\Users\\6003771\\Documents\\React\\01-first-steps\\src\\FirstStepsApp.tsx": {"path":"C:\\Users\\6003771\\Documents\\React\\01-first-steps\\src\\FirstStepsApp.tsx","statementMap":{"0":{"start":{"line":8,"column":34},"end":{"line":11,"column":null}},"1":{"start":{"line":14,"column":7},"end":{"line":14,"column":null}},"2":{"start":{"line":14,"column":7},"end":{"line":26,"column":null}},"3":{"start":{"line":16,"column":8},"end":{"line":21,"column":null}},"4":{"start":{"line":26,"column":11},"end":{"line":26,"column":null}},"5":{"start":{"line":26,"column":11},"end":{"line":16,"column":null}},"6":{"start":{"line":19,"column":30},"end":{"line":19,"column":53}},"7":{"start":{"line":19,"column":53},"end":{"line":20,"column":88}}},"fnMap":{"0":{"name":"FirstStepsApp","decl":{"start":{"line":14,"column":7},"end":{"line":14,"column":null}},"loc":{"start":{"line":14,"column":7},"end":{"line":26,"column":null}},"line":14}},"branchMap":{"0":{"loc":{"start":{"line":14,"column":7},"end":{"line":26,"column":null}},"type":"if","locations":[{"start":{"line":14,"column":7},"end":{"line":26,"column":null}},{"start":{"line":26,"column":11},"end":{"line":26,"column":null}}],"line":14}},"s":{"0":1,"1":3,"2":3,"3":3,"4":0,"5":3,"6":9,"7":9},"f":{"0":12},"b":{"0":[3,0]},"meta":{"lastBranch":1,"lastFunction":1,"lastStatement":8,"seen":{"s:8:34:11:Infinity":0,"f:14:7:14:Infinity":0,"s:14:7:14:Infinity":1,"b:14:7:26:Infinity:26:11:26:Infinity":0,"s:14:7:26:Infinity":2,"s:16:8:21:Infinity":3,"s:26:11:26:Infinity":4,"s:26:11:16:Infinity":5,"s:19:30:19:53":6,"s:19:53:20:88":7},"fnNames":{}}}
,"C:\\Users\\6003771\\Documents\\React\\01-first-steps\\src\\MyAwesomeApp.tsx": {"path":"C:\\Users\\6003771\\Documents\\React\\01-first-steps\\src\\MyAwesomeApp.tsx","statementMap":{"0":{"start":{"line":3,"column":18},"end":{"line":3,"column":null}},"1":{"start":{"line":4,"column":16},"end":{"line":4,"column":null}},"2":{"start":{"line":6,"column":22},"end":{"line":6,"column":null}},"3":{"start":{"line":7,"column":17},"end":{"line":7,"column":null}},"4":{"start":{"line":9,"column":16},"end":{"line":12,"column":null}},"5":{"start":{"line":14,"column":13},"end":{"line":39,"column":null}},"6":{"start":{"line":14,"column":28},"end":{"line":14,"column":null}},"7":{"start":{"line":14,"column":28},"end":{"line":21,"column":null}},"8":{"start":{"line":16,"column":36},"end":{"line":21,"column":5}},"9":{"start":{"line":21,"column":5},"end":{"line":21,"column":null}},"10":{"start":{"line":16,"column":36},"end":{"line":16,"column":null}},"11":{"start":{"line":21,"column":5},"end":{"line":26,"column":null}},"12":{"start":{"line":25,"column":12},"end":{"line":25,"column":null}},"13":{"start":{"line":26,"column":12},"end":{"line":26,"column":null}},"14":{"start":{"line":26,"column":30},"end":{"line":26,"column":null}},"15":{"start":{"line":26,"column":30},"end":{"line":29,"column":null}},"16":{"start":{"line":28,"column":12},"end":{"line":28,"column":null}},"17":{"start":{"line":29,"column":12},"end":{"line":29,"column":null}},"18":{"start":{"line":29,"column":26},"end":{"line":29,"column":null}},"19":{"start":{"line":29,"column":26},"end":{"line":31,"column":null}},"20":{"start":{"line":31,"column":12},"end":{"line":31,"column":null}},"21":{"start":{"line":31,"column":46},"end":{"line":31,"column":null}},"22":{"start":{"line":31,"column":46},"end":{"line":39,"column":null}},"23":{"start":{"line":24,"column":8},"end":{"line":39,"column":null}},"24":{"start":{"line":39,"column":14},"end":{"line":39,"column":null}},"25":{"start":{"line":39,"column":14},"end":{"line":24,"column":27}}},"fnMap":{"0":{"name":"(anonymous_0)","decl":{"start":{"line":14,"column":13},"end":{"line":14,"column":28}},"loc":{"start":{"line":14,"column":28},"end":{"line":39,"column":null}},"line":14}},"branchMap":{"0":{"loc":{"start":{"line":14,"column":28},"end":{"line":21,"column":null}},"type":"if","locations":[{"start":{"line":14,"column":28},"end":{"line":21,"column":null}},{"start":{"line":21,"column":5},"end":{"line":21,"column":null}}],"line":14},"1":{"loc":{"start":{"line":21,"column":5},"end":{"line":26,"column":null}},"type":"if","locations":[{"start":{"line":21,"column":5},"end":{"line":26,"column":null}},{"start":{"line":26,"column":30},"end":{"line":26,"column":null}}],"line":21},"2":{"loc":{"start":{"line":26,"column":30},"end":{"line":29,"column":null}},"type":"if","locations":[{"start":{"line":26,"column":30},"end":{"line":29,"column":null}},{"start":{"line":29,"column":26},"end":{"line":29,"column":null}}],"line":26},"3":{"loc":{"start":{"line":29,"column":26},"end":{"line":31,"column":null}},"type":"if","locations":[{"start":{"line":29,"column":26},"end":{"line":31,"column":null}},{"start":{"line":31,"column":46},"end":{"line":31,"column":null}}],"line":29},"4":{"loc":{"start":{"line":31,"column":17},"end":{"line":31,"column":46}},"type":"cond-expr","locations":[{"start":{"line":31,"column":17},"end":{"line":31,"column":46}},{"start":{"line":31,"column":17},"end":{"line":31,"column":46}}],"line":31},"5":{"loc":{"start":{"line":31,"column":46},"end":{"line":39,"column":null}},"type":"if","locations":[{"start":{"line":31,"column":46},"end":{"line":39,"column":null}},{"start":{"line":39,"column":14},"end":{"line":39,"column":null}}],"line":31}},"s":{"0":1,"1":1,"2":1,"3":1,"4":1,"5":1,"6":4,"7":4,"8":4,"9":0,"10":4,"11":4,"12":4,"13":4,"14":0,"15":4,"16":4,"17":4,"18":0,"19":4,"20":4,"21":0,"22":4,"23":4,"24":0,"25":4},"f":{"0":4},"b":{"0":[4,0],"1":[4,0],"2":[4,0],"3":[4,0],"4":[4,0],"5":[4,0]},"meta":{"lastBranch":6,"lastFunction":1,"lastStatement":26,"seen":{"s:3:18:3:Infinity":0,"s:4:16:4:Infinity":1,"s:6:22:6:Infinity":2,"s:7:17:7:Infinity":3,"s:9:16:12:Infinity":4,"s:14:13:39:Infinity":5,"f:14:13:14:28":0,"s:14:28:14:Infinity":6,"b:14:28:21:Infinity:21:5:21:Infinity":0,"s:14:28:21:Infinity":7,"s:16:36:21:5":8,"s:21:5:21:Infinity":9,"s:16:36:16:Infinity":10,"b:21:5:26:Infinity:26:30:26:Infinity":1,"s:21:5:26:Infinity":11,"s:25:12:25:Infinity":12,"s:26:12:26:Infinity":13,"s:26:30:26:Infinity":14,"b:26:30:29:Infinity:29:26:29:Infinity":2,"s:26:30:29:Infinity":15,"s:28:12:28:Infinity":16,"s:29:12:29:Infinity":17,"s:29:26:29:Infinity":18,"b:29:26:31:Infinity:31:46:31:Infinity":3,"s:29:26:31:Infinity":19,"s:31:12:31:Infinity":20,"b:31:17:31:46:31:17:31:46":4,"s:31:46:31:Infinity":21,"b:31:46:39:Infinity:39:14:39:Infinity":5,"s:31:46:39:Infinity":22,"s:24:8:39:Infinity":23,"s:39:14:39:Infinity":24,"s:39:14:24:27":25},"fnNames":{}}}
,"C:\\Users\\6003771\\Documents\\React\\01-first-steps\\src\\helpers\\math.helper.ts": {"path":"C:\\Users\\6003771\\Documents\\React\\01-first-steps\\src\\helpers\\math.helper.ts","statementMap":{"0":{"start":{"line":3,"column":13},"end":{"line":5,"column":null}},"1":{"start":{"line":4,"column":4},"end":{"line":4,"column":null}},"2":{"start":{"line":7,"column":13},"end":{"line":9,"column":null}},"3":{"start":{"line":8,"column":4},"end":{"line":8,"column":null}},"4":{"start":{"line":11,"column":13},"end":{"line":13,"column":null}},"5":{"start":{"line":12,"column":4},"end":{"line":12,"column":null}},"6":{"start":{"line":15,"column":13},"end":{"line":17,"column":null}},"7":{"start":{"line":16,"column":4},"end":{"line":16,"column":null}}},"fnMap":{"0":{"name":"(anonymous_0)","decl":{"start":{"line":3,"column":13},"end":{"line":3,"column":20}},"loc":{"start":{"line":3,"column":53},"end":{"line":5,"column":null}},"line":3},"1":{"name":"(anonymous_1)","decl":{"start":{"line":7,"column":13},"end":{"line":7,"column":25}},"loc":{"start":{"line":7,"column":58},"end":{"line":9,"column":null}},"line":7},"2":{"name":"(anonymous_2)","decl":{"start":{"line":11,"column":13},"end":{"line":11,"column":25}},"loc":{"start":{"line":11,"column":58},"end":{"line":13,"column":null}},"line":11},"3":{"name":"(anonymous_3)","decl":{"start":{"line":15,"column":13},"end":{"line":15,"column":23}},"loc":{"start":{"line":15,"column":56},"end":{"line":17,"column":null}},"line":15}},"branchMap":{},"s":{"0":1,"1":2,"2":1,"3":2,"4":1,"5":2,"6":1,"7":0},"f":{"0":2,"1":2,"2":2,"3":0},"b":{},"meta":{"lastBranch":0,"lastFunction":4,"lastStatement":8,"seen":{"s:3:13:5:Infinity":0,"f:3:13:3:20":0,"s:4:4:4:Infinity":1,"s:7:13:9:Infinity":2,"f:7:13:7:25":1,"s:8:4:8:Infinity":3,"s:11:13:13:Infinity":4,"f:11:13:11:25":2,"s:12:4:12:Infinity":5,"s:15:13:17:Infinity":6,"f:15:13:15:23":3,"s:16:4:16:Infinity":7},"fnNames":{}}}
,"C:\\Users\\6003771\\Documents\\React\\01-first-steps\\src\\shopping-cart\\ItemCounter.module.css": {"path":"C:\\Users\\6003771\\Documents\\React\\01-first-steps\\src\\shopping-cart\\ItemCounter.module.css","statementMap":{},"fnMap":{},"branchMap":{},"s":{},"f":{},"b":{},"meta":{"lastBranch":0,"lastFunction":0,"lastStatement":0,"seen":{},"fnNames":{}}}
,"C:\\Users\\6003771\\Documents\\React\\01-first-steps\\src\\shopping-cart\\ItemCounter.tsx": {"path":"C:\\Users\\6003771\\Documents\\React\\01-first-steps\\src\\shopping-cart\\ItemCounter.tsx","statementMap":{"0":{"start":{"line":12,"column":13},"end":{"line":33,"column":null}},"1":{"start":{"line":12,"column":27},"end":{"line":12,"column":28}},"2":{"start":{"line":12,"column":28},"end":{"line":12,"column":35}},"3":{"start":{"line":12,"column":35},"end":{"line":12,"column":null}},"4":{"start":{"line":13,"column":4},"end":{"line":13,"column":49}},"5":{"start":{"line":13,"column":49},"end":{"line":17,"column":6}},"6":{"start":{"line":15,"column":22},"end":{"line":16,"column":null}},"7":{"start":{"line":16,"column":8},"end":{"line":16,"column":27}},"8":{"start":{"line":17,"column":5},"end":{"line":17,"column":6}},"9":{"start":{"line":15,"column":22},"end":{"line":15,"column":null}},"10":{"start":{"line":17,"column":6},"end":{"line":23,"column":null}},"11":{"start":{"line":19,"column":27},"end":{"line":22,"column":null}},"12":{"start":{"line":20,"column":8},"end":{"line":20,"column":null}},"13":{"start":{"line":20,"column":23},"end":{"line":20,"column":null}},"14":{"start":{"line":22,"column":8},"end":{"line":22,"column":27}},"15":{"start":{"line":23,"column":5},"end":{"line":23,"column":null}},"16":{"start":{"line":19,"column":27},"end":{"line":19,"column":null}},"17":{"start":{"line":29,"column":66},"end":{"line":29,"column":76}},"18":{"start":{"line":29,"column":95},"end":{"line":29,"column":100}},"19":{"start":{"line":29,"column":57},"end":{"line":29,"column":97}},"20":{"start":{"line":29,"column":97},"end":{"line":29,"column":100}},"21":{"start":{"line":29,"column":97},"end":{"line":29,"column":null}},"22":{"start":{"line":29,"column":12},"end":{"line":29,"column":null}},"23":{"start":{"line":29,"column":112},"end":{"line":29,"column":null}},"24":{"start":{"line":29,"column":112},"end":{"line":30,"column":null}},"25":{"start":{"line":30,"column":12},"end":{"line":30,"column":null}},"26":{"start":{"line":30,"column":53},"end":{"line":30,"column":null}},"27":{"start":{"line":30,"column":53},"end":{"line":31,"column":null}},"28":{"start":{"line":31,"column":12},"end":{"line":31,"column":null}},"29":{"start":{"line":31,"column":32},"end":{"line":31,"column":null}},"30":{"start":{"line":31,"column":32},"end":{"line":32,"column":null}},"31":{"start":{"line":32,"column":12},"end":{"line":32,"column":null}},"32":{"start":{"line":32,"column":58},"end":{"line":32,"column":null}},"33":{"start":{"line":32,"column":58},"end":{"line":33,"column":null}},"34":{"start":{"line":28,"column":8},"end":{"line":33,"column":null}},"35":{"start":{"line":33,"column":18},"end":{"line":33,"column":null}},"36":{"start":{"line":33,"column":18},"end":{"line":28,"column":28}}},"fnMap":{"0":{"name":"(anonymous_0)","decl":{"start":{"line":12,"column":13},"end":{"line":12,"column":27}},"loc":{"start":{"line":12,"column":27},"end":{"line":33,"column":null}},"line":12},"1":{"name":"(anonymous_1)","decl":{"start":{"line":15,"column":22},"end":{"line":15,"column":null}},"loc":{"start":{"line":15,"column":22},"end":{"line":16,"column":null}},"line":15},"2":{"name":"(anonymous_2)","decl":{"start":{"line":19,"column":27},"end":{"line":19,"column":null}},"loc":{"start":{"line":19,"column":27},"end":{"line":22,"column":null}},"line":19}},"branchMap":{"0":{"loc":{"start":{"line":12,"column":35},"end":{"line":12,"column":null}},"type":"cond-expr","locations":[{"start":{"line":12,"column":35},"end":{"line":12,"column":null}},{"start":{"line":12,"column":35},"end":{"line":12,"column":null}}],"line":12},"1":{"loc":{"start":{"line":13,"column":49},"end":{"line":17,"column":6}},"type":"if","locations":[{"start":{"line":13,"column":49},"end":{"line":17,"column":6}},{"start":{"line":17,"column":5},"end":{"line":17,"column":6}}],"line":13},"2":{"loc":{"start":{"line":17,"column":6},"end":{"line":23,"column":null}},"type":"if","locations":[{"start":{"line":17,"column":6},"end":{"line":23,"column":null}},{"start":{"line":23,"column":5},"end":{"line":23,"column":null}}],"line":17},"3":{"loc":{"start":{"line":20,"column":8},"end":{"line":20,"column":null}},"type":"if","locations":[{"start":{"line":20,"column":8},"end":{"line":20,"column":null}},{"start":{},"end":{}}],"line":20},"4":{"loc":{"start":{"line":29,"column":66},"end":{"line":29,"column":76}},"type":"cond-expr","locations":[{"start":{"line":29,"column":66},"end":{"line":29,"column":76}},{"start":{"line":29,"column":66},"end":{"line":29,"column":76}}],"line":29},"5":{"loc":{"start":{"line":29,"column":95},"end":{"line":29,"column":100}},"type":"if","locations":[{"start":{"line":29,"column":95},"end":{"line":29,"column":100}},{"start":{"line":29,"column":97},"end":{"line":29,"column":100}}],"line":29},"6":{"loc":{"start":{"line":29,"column":97},"end":{"line":29,"column":null}},"type":"if","locations":[{"start":{"line":29,"column":97},"end":{"line":29,"column":null}},{"start":{"line":29,"column":112},"end":{"line":29,"column":null}}],"line":29},"7":{"loc":{"start":{"line":29,"column":97},"end":{"line":29,"column":100}},"type":"binary-expr","locations":[{"start":{"line":29,"column":97},"end":{"line":29,"column":100}},{"start":{"line":29,"column":97},"end":{"line":29,"column":100}}],"line":29},"8":{"loc":{"start":{"line":29,"column":112},"end":{"line":30,"column":null}},"type":"if","locations":[{"start":{"line":29,"column":112},"end":{"line":30,"column":null}},{"start":{"line":30,"column":53},"end":{"line":30,"column":null}}],"line":29},"9":{"loc":{"start":{"line":30,"column":53},"end":{"line":31,"column":null}},"type":"if","locations":[{"start":{"line":30,"column":53},"end":{"line":31,"column":null}},{"start":{"line":31,"column":32},"end":{"line":31,"column":null}}],"line":30},"10":{"loc":{"start":{"line":31,"column":32},"end":{"line":32,"column":null}},"type":"if","locations":[{"start":{"line":31,"column":32},"end":{"line":32,"column":null}},{"start":{"line":32,"column":58},"end":{"line":32,"column":null}}],"line":31},"11":{"loc":{"start":{"line":32,"column":58},"end":{"line":33,"column":null}},"type":"if","locations":[{"start":{"line":32,"column":58},"end":{"line":33,"column":null}},{"start":{"line":33,"column":18},"end":{"line":33,"column":null}}],"line":32},"12":{"loc":{"start":{"line":32,"column":58},"end":{"line":32,"column":null}},"type":"binary-expr","locations":[{"start":{"line":32,"column":58},"end":{"line":32,"column":null}},{"start":{"line":32,"column":58},"end":{"line":32,"column":null}},{"start":{"line":32,"column":58},"end":{"line":32,"column":null}},{"start":{"line":32,"column":58},"end":{"line":32,"column":null}}],"line":32}},"s":{"0":1,"1":9,"2":9,"3":9,"4":9,"5":9,"6":9,"7":1,"8":0,"9":9,"10":9,"11":9,"12":2,"13":1,"14":1,"15":0,"16":9,"17":9,"18":9,"19":8,"20":1,"21":9,"22":8,"23":1,"24":9,"25":9,"26":0,"27":9,"28":9,"29":0,"30":9,"31":9,"32":0,"33":9,"34":9,"35":0,"36":9},"f":{"0":9,"1":1,"2":2},"b":{"0":[1,8],"1":[9,0],"2":[9,0],"3":[1,1],"4":[4,5],"5":[8,1],"6":[8,1],"7":[9,2],"8":[9,0],"9":[9,0],"10":[9,0],"11":[9,0],"12":[9,1,0,0]},"meta":{"lastBranch":13,"lastFunction":3,"lastStatement":37,"seen":{"s:12:13:33:Infinity":0,"f:12:13:12:27":0,"s:12:27:12:28":1,"s:12:28:12:35":2,"s:12:35:12:Infinity":3,"b:12:35:12:Infinity:12:35:12:Infinity":0,"s:13:4:13:49":4,"b:13:49:17:6:17:5:17:6":1,"s:13:49:17:6":5,"s:15:22:16:Infinity":6,"f:15:22:15:Infinity":1,"s:16:8:16:27":7,"s:17:5:17:6":8,"s:15:22:15:Infinity":9,"b:17:6:23:Infinity:23:5:23:Infinity":2,"s:17:6:23:Infinity":10,"s:19:27:22:Infinity":11,"f:19:27:19:Infinity":2,"b:20:8:20:Infinity:undefined:undefined:undefined:undefined":3,"s:20:8:20:Infinity":12,"s:20:23:20:Infinity":13,"s:22:8:22:27":14,"s:23:5:23:Infinity":15,"s:19:27:19:Infinity":16,"s:29:66:29:76":17,"b:29:66:29:76:29:66:29:76":4,"b:29:95:29:100:29:97:29:100":5,"s:29:95:29:100":18,"s:29:57:29:97":19,"s:29:97:29:100":20,"b:29:97:29:Infinity:29:112:29:Infinity":6,"s:29:97:29:Infinity":21,"b:29:97:29:100:29:97:29:100":7,"s:29:12:29:Infinity":22,"s:29:112:29:Infinity":23,"b:29:112:30:Infinity:30:53:30:Infinity":8,"s:29:112:30:Infinity":24,"s:30:12:30:Infinity":25,"s:30:53:30:Infinity":26,"b:30:53:31:Infinity:31:32:31:Infinity":9,"s:30:53:31:Infinity":27,"s:31:12:31:Infinity":28,"s:31:32:31:Infinity":29,"b:31:32:32:Infinity:32:58:32:Infinity":10,"s:31:32:32:Infinity":30,"s:32:12:32:Infinity":31,"s:32:58:32:Infinity":32,"b:32:58:33:Infinity:33:18:33:Infinity":11,"s:32:58:33:Infinity":33,"b:32:58:32:Infinity:32:58:32:Infinity:32:58:32:Infinity:32:58:32:Infinity":12,"s:28:8:33:Infinity":34,"s:33:18:33:Infinity":35,"s:33:18:28:28":36},"fnNames":{}}}
}
